#
# A fatal error has been detected by the Java Runtime Environment:
#
#  EXCEPTION_ACCESS_VIOLATION (0xc0000005) at pc=0x000000005c8ac248, pid=2300, tid=3164
#
# JRE version: Java(TM) SE Runtime Environment (8.0_51-b16) (build 1.8.0_51-b16)
# Java VM: Java HotSpot(TM) 64-Bit Server VM (25.51-b03 mixed mode windows-amd64 compressed oops)
# Problematic frame:
# C  [MSVCR100.dll+0x3c248]
#
# Failed to write core dump. Minidumps are not enabled by default on client versions of Windows
#
# If you would like to submit a bug report, please visit:
#   http://bugreport.java.com/bugreport/crash.jsp
#

---------------  T H R E A D  ---------------

Current thread (0x000000001d5c4800):  JavaThread "System clipboard synchronizer" daemon [_thread_in_vm, id=3164, stack(0x000000001f600000,0x000000001f800000)]

siginfo: ExceptionCode=0xc0000005, reading address 0x0000000021686d18

Registers:
RAX=0x000000000000000d, RBX=0x000000001d5c4800, RCX=0x00000000ed56b9f8, RDX=0xffffffff3411b348
RSP=0x000000001f7ff478, RBP=0x0000000022e66590, RSI=0x0000000000000000, RDI=0x000000000028d9c4
R8 =0x00000000001479c0, R9 =0xffffffffffffffff, R10=0xffffffffffffffff, R11=0x00000000ed424cf8
R12=0x0000000000000008, R13=0x0000000000000000, R14=0x000000000028d9c4, R15=0x000000001d5c4800
RIP=0x000000005c8ac248, EFLAGS=0x0000000000010202

Top of Stack: (sp=0x000000001f7ff478)
0x000000001f7ff478:   00000000537c9ed1 0000000021540000
0x000000001f7ff488:   00000000537aed3d 000000000028d9c4
0x000000001f7ff498:   00000000771deba2 000000001f7ff5c0
0x000000001f7ff4a8:   0000000021540000 000000001d5c4800
0x000000001f7ff4b8:   0000000000000000 000000000028d9c4
0x000000001f7ff4c8:   0000000000000008 0000000022e66590
0x000000001f7ff4d8:   00000000594aa887 000000001d5c49f8
0x000000001f7ff4e8:   000000001f7ff5c0 0000000021540040
0x000000001f7ff4f8:   000000005a830bc8 0000000021540040
0x000000001f7ff508:   00000000c03405a0 0000000100000000
0x000000001f7ff518:   fffffffffffffffe 000000001f7ff5f0
0x000000001f7ff528:   0000000021aa8468 0000000000000000
0x000000001f7ff538:   0000000002405e34 0000000021aa8470
0x000000001f7ff548:   0000000000000008 0000000000000198
0x000000001f7ff558:   0000000021540040 00000000c1005378
0x000000001f7ff568:   00000000027d7804 00000000c03405a0 

Instructions: (pc=0x000000005c8ac248)
0x000000005c8ac228:   0a f0 4c 0f c3 49 f8 4c 0f c3 51 f0 4c 8b 4c 0a
0x000000005c8ac238:   e8 4c 8b 54 0a e0 4c 0f c3 49 e8 4c 0f c3 51 e0
0x000000005c8ac248:   4c 8b 4c 0a d8 4c 8b 54 0a d0 48 83 e9 40 4c 0f
0x000000005c8ac258:   c3 49 18 4c 0f c3 51 10 4c 8b 4c 0a 08 4c 8b 14 


Register to memory mapping:

RAX=0x000000000000000d is an unknown value
RBX=0x000000001d5c4800 is a thread
RCX=0x00000000ed56b9f8 is an oop

[error occurred during error reporting (printing register info), id 0xc0000005]

Stack: [0x000000001f600000,0x000000001f800000],  sp=0x000000001f7ff478,  free space=2045k
Native frames: (J=compiled Java code, j=interpreted, Vv=VM code, C=native code)
C  [MSVCR100.dll+0x3c248]
V  [jvm.dll+0x159ed1]
C  [awt.dll+0x8a887]
C  0x0000000002405e34

Java frames: (J=compiled Java code, j=interpreted, Vv=VM code)
j  sun.awt.windows.WClipboard.getClipboardData(J)[B+0
j  sun.awt.datatransfer.ClipboardTransferable.fetchOneFlavor(Lsun/awt/datatransfer/SunClipboard;Ljava/awt/datatransfer/DataFlavor;Ljava/lang/Long;Ljava/util/HashMap;)Z+32
j  sun.awt.datatransfer.ClipboardTransferable.<init>(Lsun/awt/datatransfer/SunClipboard;)V+122
j  sun.awt.datatransfer.SunClipboard.getContents(Ljava/lang/Object;)Ljava/awt/datatransfer/Transferable;+17
j  org.netbeans.NbClipboard$GetContents.run()V+16
J 12954 C1 org.openide.util.RequestProcessor$Task.run()V (192 bytes) @ 0x00000000045e819c [0x00000000045e7c20+0x57c]
j  org.openide.util.RequestProcessor$Processor.run()V+247
v  ~StubRoutines::call_stub

---------------  P R O C E S S  ---------------

Java Threads: ( => current thread )
  0x000000001d5c3000 JavaThread "Inactive RequestProcessor thread [Was:System clipboard synchronizer/org.netbeans.NbClipboard$GetContents]" daemon [_thread_blocked, id=3076, stack(0x0000000020dc0000,0x0000000020fc0000)]
=>0x000000001d5c4800 JavaThread "System clipboard synchronizer" daemon [_thread_in_vm, id=3164, stack(0x000000001f600000,0x000000001f800000)]
  0x000000001d5c0800 JavaThread "Inactive RequestProcessor thread [Was:Flush UI Logs/org.netbeans.modules.uihandler.UIHandler$2WriteOut]" daemon [_thread_blocked, id=2956, stack(0x0000000020fc0000,0x00000000211c0000)]
  0x000000001d5c5000 JavaThread "Inactive RequestProcessor thread [Was:System clipboard synchronizer/org.netbeans.NbClipboard$GetContents]" daemon [_thread_blocked, id=1492, stack(0x000000001aba0000,0x000000001ada0000)]
  0x000000001d5c1800 JavaThread "TimerQueue" daemon [_thread_blocked, id=3240, stack(0x0000000024640000,0x0000000024840000)]
  0x000000001d5c0000 JavaThread "Worker-JM" [_thread_blocked, id=380, stack(0x0000000023850000,0x0000000023a50000)]
  0x000000001d5bf000 JavaThread "Framework Event Dispatcher" daemon [_thread_blocked, id=4784, stack(0x000000001c1f0000,0x000000001c3f0000)]
  0x000000001ebbc800 JavaThread "Deadlock Detector" [_thread_blocked, id=3088, stack(0x000000001bff0000,0x000000001c1f0000)]
  0x000000001ebbc000 JavaThread "Thread-3" daemon [_thread_blocked, id=3376, stack(0x0000000023650000,0x0000000023850000)]
  0x000000001ebbb000 JavaThread "W32 File Monitor" daemon [_thread_blocked, id=3832, stack(0x0000000021d40000,0x0000000021f40000)]
  0x000000001ebba800 JavaThread "File Watcher" daemon [_thread_blocked, id=3992, stack(0x0000000021b40000,0x0000000021d40000)]
  0x000000001ebb8000 JavaThread "Editor Parsing Loop (201411181905)" daemon [_thread_blocked, id=804, stack(0x0000000021340000,0x0000000021540000)]
  0x000000001e5c5000 JavaThread "State Data Manager" daemon [_thread_blocked, id=2080, stack(0x000000001f9f0000,0x000000001fbf0000)]
  0x000000001cd21800 JavaThread "Framework Active Thread" [_thread_blocked, id=3816, stack(0x000000001f300000,0x000000001f500000)]
  0x0000000017a71000 JavaThread "AWT-EventQueue-0" [_thread_blocked, id=4536, stack(0x000000001c6b0000,0x000000001c8b0000)]
  0x0000000017a4e000 JavaThread "AWT-Windows" daemon [_thread_blocked, id=3704, stack(0x000000001bdf0000,0x000000001bff0000)]
  0x0000000017a4a800 JavaThread "AWT-Shutdown" [_thread_blocked, id=2724, stack(0x000000001bbf0000,0x000000001bdf0000)]
  0x0000000017a0d800 JavaThread "Java2D Disposer" daemon [_thread_blocked, id=4984, stack(0x000000001b9f0000,0x000000001bbf0000)]
  0x0000000017826800 JavaThread "RequestProcessor queue manager" daemon [_thread_blocked, id=4020, stack(0x000000001afa0000,0x000000001b1a0000)]
  0x0000000017793000 JavaThread "CLI Requests Server" daemon [_thread_in_native, id=3204, stack(0x000000001a9a0000,0x000000001aba0000)]
  0x0000000017813800 JavaThread "Active Reference Queue Daemon" daemon [_thread_blocked, id=3128, stack(0x0000000017f10000,0x0000000018110000)]
  0x000000001659d800 JavaThread "Service Thread" daemon [_thread_blocked, id=1288, stack(0x0000000017310000,0x0000000017510000)]
  0x0000000014f1b000 JavaThread "C1 CompilerThread2" daemon [_thread_blocked, id=4416, stack(0x0000000017110000,0x0000000017310000)]
  0x0000000014f16000 JavaThread "C2 CompilerThread1" daemon [_thread_blocked, id=2716, stack(0x0000000016f10000,0x0000000017110000)]
  0x0000000016517000 JavaThread "C2 CompilerThread0" daemon [_thread_blocked, id=3820, stack(0x0000000016d10000,0x0000000016f10000)]
  0x0000000016513000 JavaThread "Attach Listener" daemon [_thread_blocked, id=2236, stack(0x0000000016b10000,0x0000000016d10000)]
  0x0000000016512800 JavaThread "Signal Dispatcher" daemon [_thread_blocked, id=4824, stack(0x0000000016910000,0x0000000016b10000)]
  0x0000000014eb9000 JavaThread "Finalizer" daemon [_thread_blocked, id=696, stack(0x0000000016310000,0x0000000016510000)]
  0x0000000014eb2000 JavaThread "Reference Handler" daemon [_thread_blocked, id=3236, stack(0x0000000016110000,0x0000000016310000)]
  0x000000000236f800 JavaThread "main" [_thread_blocked, id=4484, stack(0x0000000000030000,0x0000000000230000)]

Other Threads:
  0x0000000014eac800 VMThread [stack: 0x0000000015f10000,0x0000000016110000] [id=4620]
  0x00000000165a4000 WatcherThread [stack: 0x0000000017510000,0x0000000017710000] [id=4644]

VM state:synchronizing (normal execution)

VM Mutex/Monitor currently owned by a thread:  ([mutex/lock_event])
[0x00000000021e8700] Threads_lock - owner thread: 0x0000000014eac800

Heap:
 PSYoungGen      total 316416K, used 65110K [0x00000000eab00000, 0x0000000100000000, 0x0000000100000000)
  eden space 284672K, 15% used [0x00000000eab00000,0x00000000ed6b26c0,0x00000000fc100000)
  from space 31744K, 64% used [0x00000000fe100000,0x00000000ff4e3418,0x0000000100000000)
  to   space 32256K, 0% used [0x00000000fc100000,0x00000000fc100000,0x00000000fe080000)
 ParOldGen       total 116224K, used 76043K [0x00000000c0000000, 0x00000000c7180000, 0x00000000eab00000)
  object space 116224K, 65% used [0x00000000c0000000,0x00000000c4a42e58,0x00000000c7180000)
 Metaspace       used 79948K, capacity 89486K, committed 89728K, reserved 1126400K
  class space    used 9881K, capacity 12806K, committed 12928K, reserved 1048576K

Card table byte_map: [0x00000000117b0000,0x00000000119c0000] byte_map_base: 0x00000000111b0000

Marking Bits: (ParMarkBitMap*) 0x0000000053e74040
 Begin Bits: [0x0000000012320000, 0x0000000013320000)
 End Bits:   [0x0000000013320000, 0x0000000014320000)

Polling page: 0x0000000000660000

CodeCache: size=245760Kb used=37611Kb max_used=37910Kb free=208148Kb
 bounds [0x00000000023f0000, 0x0000000004930000, 0x00000000113f0000]
 total_blobs=11633 nmethods=10855 adapters=686
 compilation: enabled

Compilation events (10 events):
Event: 1292.637 Thread 0x0000000014f1b000 14206       3       sun.nio.cs.StreamDecoder::<init> (64 bytes)
Event: 1292.638 Thread 0x0000000014f1b000 nmethod 14206 0x000000000417cd90 code [0x000000000417cf40, 0x000000000417d718]
Event: 1292.638 Thread 0x0000000014f1b000 14205   !   3       org.openide.filesystems.StreamPool::waitForStreams (117 bytes)
Event: 1292.641 Thread 0x0000000014f1b000 nmethod 14205 0x000000000373c710 code [0x000000000373c960, 0x000000000373db58]
Event: 1295.255 Thread 0x0000000014f1b000 14208       3       org.netbeans.swing.tabcontrol.TabDisplayer::getFont (8 bytes)
Event: 1295.256 Thread 0x0000000014f1b000 nmethod 14208 0x0000000003352b90 code [0x0000000003352d00, 0x00000000033530e8]
Event: 1295.256 Thread 0x0000000014f1b000 14209       3       org.netbeans.swing.tabcontrol.plaf.AbstractTabCellRenderer::getRendererComponent (28 bytes)
Event: 1295.257 Thread 0x0000000014f1b000 nmethod 14209 0x000000000281aa90 code [0x000000000281ac40, 0x000000000281b4b8]
Event: 1295.257 Thread 0x0000000014f1b000 14210       3       org.netbeans.swing.tabcontrol.plaf.AbstractTabCellRenderer::paintComponent (38 bytes)
Event: 1295.259 Thread 0x0000000014f1b000 nmethod 14210 0x0000000003f68e90 code [0x0000000003f69060, 0x0000000003f699d8]

GC Heap History (10 events):
Event: 40.906 GC heap before
{Heap before GC invocations=22 (full 4):
 PSYoungGen      total 269824K, used 254897K [0x00000000eab00000, 0x00000000fef00000, 0x0000000100000000)
  eden space 251904K, 100% used [0x00000000eab00000,0x00000000fa100000,0x00000000fa100000)
  from space 17920K, 16% used [0x00000000fa100000,0x00000000fa3ec6e0,0x00000000fb280000)
  to   space 22528K, 0% used [0x00000000fd900000,0x00000000fd900000,0x00000000fef00000)
 ParOldGen       total 116224K, used 68360K [0x00000000c0000000, 0x00000000c7180000, 0x00000000eab00000)
  object space 116224K, 58% used [0x00000000c0000000,0x00000000c42c2180,0x00000000c7180000)
 Metaspace       used 78227K, capacity 87594K, committed 87808K, reserved 1124352K
  class space    used 9813K, capacity 12720K, committed 12800K, reserved 1048576K
Event: 40.921 GC heap after
Heap after GC invocations=22 (full 4):
 PSYoungGen      total 301056K, used 13899K [0x00000000eab00000, 0x00000000feb80000, 0x0000000100000000)
  eden space 282112K, 0% used [0x00000000eab00000,0x00000000eab00000,0x00000000fbe80000)
  from space 18944K, 73% used [0x00000000fd900000,0x00000000fe692d00,0x00000000feb80000)
  to   space 23040K, 0% used [0x00000000fbe80000,0x00000000fbe80000,0x00000000fd500000)
 ParOldGen       total 116224K, used 70155K [0x00000000c0000000, 0x00000000c7180000, 0x00000000eab00000)
  object space 116224K, 60% used [0x00000000c0000000,0x00000000c4482c30,0x00000000c7180000)
 Metaspace       used 78227K, capacity 87594K, committed 87808K, reserved 1124352K
  class space    used 9813K, capacity 12720K, committed 12800K, reserved 1048576K
}
Event: 1216.163 GC heap before
{Heap before GC invocations=23 (full 4):
 PSYoungGen      total 301056K, used 296011K [0x00000000eab00000, 0x00000000feb80000, 0x0000000100000000)
  eden space 282112K, 100% used [0x00000000eab00000,0x00000000fbe80000,0x00000000fbe80000)
  from space 18944K, 73% used [0x00000000fd900000,0x00000000fe692d00,0x00000000feb80000)
  to   space 23040K, 0% used [0x00000000fbe80000,0x00000000fbe80000,0x00000000fd500000)
 ParOldGen       total 116224K, used 70155K [0x00000000c0000000, 0x00000000c7180000, 0x00000000eab00000)
  object space 116224K, 60% used [0x00000000c0000000,0x00000000c4482c30,0x00000000c7180000)
 Metaspace       used 79055K, capacity 88486K, committed 88576K, reserved 1124352K
  class space    used 9838K, capacity 12794K, committed 12800K, reserved 1048576K
Event: 1216.175 GC heap after
Heap after GC invocations=23 (full 4):
 PSYoungGen      total 305152K, used 19244K [0x00000000eab00000, 0x0000000100000000, 0x0000000100000000)
  eden space 282112K, 0% used [0x00000000eab00000,0x00000000eab00000,0x00000000fbe80000)
  from space 23040K, 83% used [0x00000000fbe80000,0x00000000fd14b328,0x00000000fd500000)
  to   space 25088K, 0% used [0x00000000fe780000,0x00000000fe780000,0x0000000100000000)
 ParOldGen       total 116224K, used 70163K [0x00000000c0000000, 0x00000000c7180000, 0x00000000eab00000)
  object space 116224K, 60% used [0x00000000c0000000,0x00000000c4484c30,0x00000000c7180000)
 Metaspace       used 79055K, capacity 88486K, committed 88576K, reserved 1124352K
  class space    used 9838K, capacity 12794K, committed 12800K, reserved 1048576K
}
Event: 1248.949 GC heap before
{Heap before GC invocations=24 (full 4):
 PSYoungGen      total 305152K, used 301356K [0x00000000eab00000, 0x0000000100000000, 0x0000000100000000)
  eden space 282112K, 100% used [0x00000000eab00000,0x00000000fbe80000,0x00000000fbe80000)
  from space 23040K, 83% used [0x00000000fbe80000,0x00000000fd14b328,0x00000000fd500000)
  to   space 25088K, 0% used [0x00000000fe780000,0x00000000fe780000,0x0000000100000000)
 ParOldGen       total 116224K, used 70163K [0x00000000c0000000, 0x00000000c7180000, 0x00000000eab00000)
  object space 116224K, 60% used [0x00000000c0000000,0x00000000c4484c30,0x00000000c7180000)
 Metaspace       used 79551K, capacity 89080K, committed 89088K, reserved 1126400K
  class space    used 9858K, capacity 12800K, committed 12800K, reserved 1048576K
Event: 1248.964 GC heap after
Heap after GC invocations=24 (full 4):
 PSYoungGen      total 314880K, used 25066K [0x00000000eab00000, 0x0000000100000000, 0x0000000100000000)
  eden space 289792K, 0% used [0x00000000eab00000,0x00000000eab00000,0x00000000fc600000)
  from space 25088K, 99% used [0x00000000fe780000,0x00000000ffffaa80,0x0000000100000000)
  to   space 29696K, 0% used [0x00000000fc600000,0x00000000fc600000,0x00000000fe300000)
 ParOldGen       total 116224K, used 73113K [0x00000000c0000000, 0x00000000c7180000, 0x00000000eab00000)
  object space 116224K, 62% used [0x00000000c0000000,0x00000000c4766410,0x00000000c7180000)
 Metaspace       used 79551K, capacity 89080K, committed 89088K, reserved 1126400K
  class space    used 9858K, capacity 12800K, committed 12800K, reserved 1048576K
}
Event: 1255.031 GC heap before
{Heap before GC invocations=25 (full 4):
 PSYoungGen      total 314880K, used 314858K [0x00000000eab00000, 0x0000000100000000, 0x0000000100000000)
  eden space 289792K, 100% used [0x00000000eab00000,0x00000000fc600000,0x00000000fc600000)
  from space 25088K, 99% used [0x00000000fe780000,0x00000000ffffaa80,0x0000000100000000)
  to   space 29696K, 0% used [0x00000000fc600000,0x00000000fc600000,0x00000000fe300000)
 ParOldGen       total 116224K, used 73113K [0x00000000c0000000, 0x00000000c7180000, 0x00000000eab00000)
  object space 116224K, 62% used [0x00000000c0000000,0x00000000c4766410,0x00000000c7180000)
 Metaspace       used 79701K, capacity 89208K, committed 89344K, reserved 1126400K
  class space    used 9858K, capacity 12800K, committed 12800K, reserved 1048576K
Event: 1255.039 GC heap after
Heap after GC invocations=25 (full 4):
 PSYoungGen      total 312320K, used 22404K [0x00000000eab00000, 0x0000000100000000, 0x0000000100000000)
  eden space 289792K, 0% used [0x00000000eab00000,0x00000000eab00000,0x00000000fc600000)
  from space 22528K, 99% used [0x00000000fc600000,0x00000000fdbe13d0,0x00000000fdc00000)
  to   space 31744K, 0% used [0x00000000fe100000,0x00000000fe100000,0x0000000100000000)
 ParOldGen       total 116224K, used 76035K [0x00000000c0000000, 0x00000000c7180000, 0x00000000eab00000)
  object space 116224K, 65% used [0x00000000c0000000,0x00000000c4a40e58,0x00000000c7180000)
 Metaspace       used 79701K, capacity 89208K, committed 89344K, reserved 1126400K
  class space    used 9858K, capacity 12800K, committed 12800K, reserved 1048576K
}
Event: 1291.988 GC heap before
{Heap before GC invocations=26 (full 4):
 PSYoungGen      total 312320K, used 312196K [0x00000000eab00000, 0x0000000100000000, 0x0000000100000000)
  eden space 289792K, 100% used [0x00000000eab00000,0x00000000fc600000,0x00000000fc600000)
  from space 22528K, 99% used [0x00000000fc600000,0x00000000fdbe13d0,0x00000000fdc00000)
  to   space 31744K, 0% used [0x00000000fe100000,0x00000000fe100000,0x0000000100000000)
 ParOldGen       total 116224K, used 76035K [0x00000000c0000000, 0x00000000c7180000, 0x00000000eab00000)
  object space 116224K, 65% used [0x00000000c0000000,0x00000000c4a40e58,0x00000000c7180000)
 Metaspace       used 79940K, capacity 89486K, committed 89728K, reserved 1126400K
  class space    used 9881K, capacity 12806K, committed 12928K, reserved 1048576K
Event: 1291.996 GC heap after
Heap after GC invocations=26 (full 4):
 PSYoungGen      total 316416K, used 20365K [0x00000000eab00000, 0x0000000100000000, 0x0000000100000000)
  eden space 284672K, 0% used [0x00000000eab00000,0x00000000eab00000,0x00000000fc100000)
  from space 31744K, 64% used [0x00000000fe100000,0x00000000ff4e3418,0x0000000100000000)
  to   space 32256K, 0% used [0x00000000fc100000,0x00000000fc100000,0x00000000fe080000)
 ParOldGen       total 116224K, used 76043K [0x00000000c0000000, 0x00000000c7180000, 0x00000000eab00000)
  object space 116224K, 65% used [0x00000000c0000000,0x00000000c4a42e58,0x00000000c7180000)
 Metaspace       used 79940K, capacity 89486K, committed 89728K, reserved 1126400K
  class space    used 9881K, capacity 12806K, committed 12928K, reserved 1048576K
}

Deoptimization events (10 events):
Event: 1262.586 Thread 0x0000000017a71000 Uncommon trap: reason=unstable_if action=reinterpret pc=0x0000000003279398 method=java.util.concurrent.ConcurrentHashMap.get(Ljava/lang/Object;)Ljava/lang/Object; @ 76
Event: 1262.586 Thread 0x0000000017a71000 Uncommon trap: reason=bimorphic action=maybe_recompile pc=0x0000000002551940 method=java.util.concurrent.ConcurrentHashMap.putVal(Ljava/lang/Object;Ljava/lang/Object;Z)Ljava/lang/Object; @ 192
Event: 1262.604 Thread 0x0000000017a71000 Uncommon trap: reason=unstable_if action=reinterpret pc=0x0000000004623bb8 method=sun.font.FileFontStrike.getGlyphOutlineBounds(I)Ljava/awt/geom/Rectangle2D$Float; @ 4
Event: 1262.610 Thread 0x0000000017a71000 Uncommon trap: reason=unstable_if action=reinterpret pc=0x0000000003b1a848 method=org.netbeans.modules.editor.lib2.view.DocumentViewOp.checkRealHeightChange()Z @ 4
Event: 1263.169 Thread 0x0000000017a71000 Uncommon trap: reason=unstable_if action=reinterpret pc=0x00000000032b013c method=java.awt.Toolkit$SelectiveAWTEventListener.eventDispatched(Ljava/awt/AWTEvent;)V @ 150
Event: 1263.171 Thread 0x0000000017a71000 Uncommon trap: reason=speculate_class_check action=maybe_recompile pc=0x0000000004765320 method=java.awt.DefaultKeyboardFocusManager.dispatchEvent(Ljava/awt/AWTEvent;)Z @ 817
Event: 1265.888 Thread 0x0000000017a71000 Uncommon trap: reason=unstable_if action=reinterpret pc=0x0000000002dd3cd0 method=org.netbeans.modules.editor.lib2.view.DocumentViewOp.checkRealHeightChange()Z @ 4
Event: 1265.945 Thread 0x0000000017a71000 Uncommon trap: reason=unstable_if action=reinterpret pc=0x0000000003bf21cc method=org.netbeans.modules.editor.lib2.view.DocumentViewOp.checkRealHeightChange()Z @ 4
Event: 1272.331 Thread 0x0000000017a71000 Uncommon trap: reason=predicate action=maybe_recompile pc=0x00000000048f8934 method=javax.swing.ArrayTable.getKeys([Ljava/lang/Object;)[Ljava/lang/Object; @ 105
Event: 1272.332 Thread 0x0000000017a71000 Uncommon trap: reason=speculate_class_check action=maybe_recompile pc=0x0000000004765320 method=java.awt.DefaultKeyboardFocusManager.dispatchEvent(Ljava/awt/AWTEvent;)Z @ 817

Internal exceptions (10 events):
Event: 1161.484 Thread 0x000000001d5c4800 Exception <a 'sun/nio/fs/WindowsException'> (0x00000000f3260ed8) thrown at [C:\re\workspace\8-2-build-windows-amd64-cygwin\jdk8u51\3951\hotspot\src\share\vm\prims\jni.cpp, line 709]
Event: 1161.485 Thread 0x000000001d5c4800 Exception <a 'sun/nio/fs/WindowsException'> (0x00000000f329c128) thrown at [C:\re\workspace\8-2-build-windows-amd64-cygwin\jdk8u51\3951\hotspot\src\share\vm\prims\jni.cpp, line 709]
Event: 1164.977 Thread 0x0000000017a71000 Implicit null exception at 0x0000000004628410 to 0x000000000462883d
Event: 1165.001 Thread 0x0000000017a71000 Implicit null exception at 0x000000000462abb5 to 0x000000000462ad19
Event: 1247.468 Thread 0x0000000017a71000 Implicit null exception at 0x000000000287d29a to 0x000000000287e3dd
Event: 1247.469 Thread 0x0000000017a71000 Implicit null exception at 0x000000000296962d to 0x00000000029699b9
Event: 1247.478 Thread 0x000000001d5c3000 Exception <a 'sun/nio/fs/WindowsException'> (0x00000000f7faafe8) thrown at [C:\re\workspace\8-2-build-windows-amd64-cygwin\jdk8u51\3951\hotspot\src\share\vm\prims\jni.cpp, line 709]
Event: 1247.479 Thread 0x000000001d5c3000 Exception <a 'sun/nio/fs/WindowsException'> (0x00000000f7ffeaf8) thrown at [C:\re\workspace\8-2-build-windows-amd64-cygwin\jdk8u51\3951\hotspot\src\share\vm\prims\jni.cpp, line 709]
Event: 1248.762 Thread 0x0000000017a71000 Implicit null exception at 0x00000000042cbb10 to 0x00000000042cbd91
Event: 1248.966 Thread 0x0000000017a71000 Implicit null exception at 0x00000000037a2eaf to 0x00000000037a35fd

Events (10 events):
Event: 1292.003 Thread 0x0000000014f1b000 flushing nmethod 0x000000000476bd10
Event: 1292.003 Thread 0x0000000014f1b000 flushing nmethod 0x0000000004773c10
Event: 1292.003 Thread 0x0000000014f1b000 flushing nmethod 0x000000000477a390
Event: 1292.003 Thread 0x0000000014f1b000 flushing nmethod 0x000000000477bc10
Event: 1292.015 Executing VM operation: RevokeBias
Event: 1292.015 Executing VM operation: RevokeBias done
Event: 1292.189 Executing VM operation: FindDeadlocks
Event: 1292.189 Executing VM operation: FindDeadlocks done
Event: 1294.189 Executing VM operation: FindDeadlocks
Event: 1294.189 Executing VM operation: FindDeadlocks done


Dynamic libraries:
0x0000000000400000 - 0x0000000000580000 	C:\Program Files (x86)\NetBeans 8.0.2\bin\netbeans64.exe
0x00000000773b0000 - 0x0000000077559000 	C:\Windows\SYSTEM32\ntdll.dll
0x0000000077190000 - 0x00000000772af000 	C:\Windows\system32\kernel32.dll
0x000007fefd480000 - 0x000007fefd4eb000 	C:\Windows\system32\KERNELBASE.dll
0x000007feff380000 - 0x000007feff45b000 	C:\Windows\system32\ADVAPI32.dll
0x000007feff460000 - 0x000007feff4ff000 	C:\Windows\system32\msvcrt.dll
0x000007fefea80000 - 0x000007fefea9f000 	C:\Windows\SYSTEM32\sechost.dll
0x000007fefebc0000 - 0x000007fefeced000 	C:\Windows\system32\RPCRT4.dll
0x000007fefd750000 - 0x000007fefe4db000 	C:\Windows\system32\SHELL32.dll
0x000007fefe4e0000 - 0x000007fefe551000 	C:\Windows\system32\SHLWAPI.dll
0x000007fefeb40000 - 0x000007fefeba7000 	C:\Windows\system32\GDI32.dll
0x00000000772b0000 - 0x00000000773aa000 	C:\Windows\system32\USER32.dll
0x000007fefebb0000 - 0x000007fefebbe000 	C:\Windows\system32\LPK.dll
0x000007fefefc0000 - 0x000007feff089000 	C:\Windows\system32\USP10.dll
0x000007feff500000 - 0x000007feff52e000 	C:\Windows\system32\IMM32.DLL
0x000007feff090000 - 0x000007feff199000 	C:\Windows\system32\MSCTF.dll
0x000007fefe570000 - 0x000007fefe773000 	C:\Windows\system32\ole32.dll
0x00000000595c0000 - 0x0000000059714000 	C:\Program Files (x86)\NetBeans 8.0.2\platform\lib\nbexec64.dll
0x000007fefcf60000 - 0x000007fefcfb7000 	C:\Windows\system32\apphelp.dll
0x0000000053670000 - 0x0000000053ef3000 	C:\Program Files\Java\jdk1.8.0_51\jre\bin\server\jvm.dll
0x000007fee8120000 - 0x000007fee8129000 	C:\Windows\system32\WSOCK32.dll
0x000007fefd520000 - 0x000007fefd56d000 	C:\Windows\system32\WS2_32.dll
0x000007fefe560000 - 0x000007fefe568000 	C:\Windows\system32\NSI.dll
0x000007fefb5a0000 - 0x000007fefb5db000 	C:\Windows\system32\WINMM.dll
0x000007fefc200000 - 0x000007fefc20c000 	C:\Windows\system32\VERSION.dll
0x0000000077580000 - 0x0000000077587000 	C:\Windows\system32\PSAPI.DLL
0x000000005c870000 - 0x000000005c942000 	C:\Program Files\Java\jdk1.8.0_51\jre\bin\MSVCR100.dll
0x000000005ce30000 - 0x000000005ce69000 	C:\Program Files\Java\jdk1.8.0_51\jre\bin\splashscreen.dll
0x000000005d0e0000 - 0x000000005d0ef000 	C:\Program Files\Java\jdk1.8.0_51\jre\bin\verify.dll
0x000000005d0b0000 - 0x000000005d0d9000 	C:\Program Files\Java\jdk1.8.0_51\jre\bin\java.dll
0x000000005d040000 - 0x000000005d056000 	C:\Program Files\Java\jdk1.8.0_51\jre\bin\zip.dll
0x000007fefd160000 - 0x000007fefd16f000 	C:\Windows\system32\profapi.dll
0x000000005ce10000 - 0x000000005ce2a000 	C:\Program Files\Java\jdk1.8.0_51\jre\bin\net.dll
0x000007fefc900000 - 0x000007fefc955000 	C:\Windows\system32\mswsock.dll
0x000007fefc8f0000 - 0x000007fefc8f7000 	C:\Windows\System32\wship6.dll
0x000000005ca10000 - 0x000000005ca21000 	C:\Program Files\Java\jdk1.8.0_51\jre\bin\nio.dll
0x000007feface0000 - 0x000007fefad07000 	C:\Windows\system32\IPHLPAPI.DLL
0x000007fefacc0000 - 0x000007fefaccb000 	C:\Windows\system32\WINNSI.DLL
0x000007fefa990000 - 0x000007fefa9a1000 	C:\Windows\system32\dhcpcsvc6.DLL
0x000007fefa910000 - 0x000007fefa928000 	C:\Windows\system32\dhcpcsvc.DLL
0x0000000059420000 - 0x00000000595b8000 	C:\Program Files\Java\jdk1.8.0_51\jre\bin\awt.dll
0x000007feff200000 - 0x000007feff2d7000 	C:\Windows\system32\OLEAUT32.dll
0x000007fefc960000 - 0x000007fefc978000 	C:\Windows\system32\CRYPTSP.dll
0x000007fefc660000 - 0x000007fefc6a7000 	C:\Windows\system32\rsaenh.dll
0x000007fefd460000 - 0x000007fefd47e000 	C:\Windows\system32\USERENV.dll
0x000007fefd000000 - 0x000007fefd00f000 	C:\Windows\system32\CRYPTBASE.dll
0x000007fefae20000 - 0x000007fefae38000 	C:\Windows\system32\DWMAPI.DLL
0x000007fefba10000 - 0x000007fefba25000 	C:\Windows\system32\NLAapi.dll
0x000007fee7a60000 - 0x000007fee7a75000 	C:\Windows\system32\napinsp.dll
0x000007fee7a40000 - 0x000007fee7a59000 	C:\Windows\system32\pnrpnsp.dll
0x000007fefc780000 - 0x000007fefc7db000 	C:\Windows\system32\DNSAPI.dll
0x000007fee7a30000 - 0x000007fee7a3b000 	C:\Windows\System32\winrnr.dll
0x000007fefc320000 - 0x000007fefc327000 	C:\Windows\System32\wshtcpip.dll
0x000007fef5420000 - 0x000007fef5428000 	C:\Windows\system32\rasadhlp.dll
0x000007fefab80000 - 0x000007fefabd3000 	C:\Windows\System32\fwpuclnt.dll
0x000007fefb610000 - 0x000007fefb804000 	C:\Windows\WinSxS\amd64_microsoft.windows.common-controls_6595b64144ccf1df_6.0.7601.18837_none_fa3b1e3d17594757\COMCTL32.dll
0x000007fefb200000 - 0x000007fefb256000 	C:\Windows\system32\uxtheme.dll
0x000000005c970000 - 0x000000005c9b7000 	C:\Program Files\Java\jdk1.8.0_51\jre\bin\fontmanager.dll
0x000007fefeaa0000 - 0x000007fefeb39000 	C:\Windows\system32\CLBCatQ.DLL
0x000000005c9c0000 - 0x000000005ca02000 	C:\Program Files\Java\jdk1.8.0_51\jre\bin\t2k.dll
0x0000000180000000 - 0x0000000180038000 	C:\Program Files (x86)\NetBeans 8.0.2\platform\modules\lib\amd64\jnidispatch-410.dll
0x000000005ce00000 - 0x000000005ce0d000 	C:\Program Files\Java\jdk1.8.0_51\jre\bin\management.dll
0x000007fef2630000 - 0x000007fef26a1000 	C:\Windows\system32\winhttp.dll
0x000007fef25c0000 - 0x000007fef2624000 	C:\Windows\system32\webio.dll
0x000007fefcf30000 - 0x000007fefcf55000 	C:\Windows\system32\SspiCli.dll
0x000007fefc530000 - 0x000007fefc53a000 	C:\Windows\system32\credssp.dll
0x000007fefd3e0000 - 0x000007fefd416000 	C:\Windows\system32\CFGMGR32.dll
0x000007fefa5b0000 - 0x000007fefa650000 	C:\Windows\WinSxS\amd64_microsoft.windows.common-controls_6595b64144ccf1df_5.82.7601.18837_none_a4d981ff711297b6\comctl32.dll
0x000007fefaa10000 - 0x000007fefab71000 	C:\Windows\system32\WindowsCodecs.dll
0x000007fef4720000 - 0x000007fef4755000 	C:\Windows\system32\EhStorShell.dll
0x000007fefd570000 - 0x000007fefd747000 	C:\Windows\system32\SETUPAPI.dll
0x000007fefd4f0000 - 0x000007fefd50a000 	C:\Windows\system32\DEVOBJ.dll
0x000007fefbd80000 - 0x000007fefbeac000 	C:\Windows\system32\PROPSYS.dll
0x000007fef40b0000 - 0x000007fef4720000 	C:\PROGRA~1\MICROS~2\Office14\GROOVEEX.DLL
0x0000000073250000 - 0x00000000732f3000 	C:\Windows\WinSxS\amd64_microsoft.vc90.crt_1fc8b3b9a1e18e3b_9.0.30729.6161_none_08e61857a83bc251\MSVCR90.dll
0x0000000072a60000 - 0x0000000072b33000 	C:\Windows\WinSxS\amd64_microsoft.vc90.crt_1fc8b3b9a1e18e3b_9.0.30729.6161_none_08e61857a83bc251\MSVCP90.dll
0x0000000072a30000 - 0x0000000072a5f000 	C:\Windows\WinSxS\amd64_microsoft.vc90.atl_1fc8b3b9a1e18e3b_9.0.30729.4148_none_0a1d2fcba76b3f00\ATL90.DLL
0x000007fef2a30000 - 0x000007fef2e4a000 	C:\PROGRA~1\COMMON~1\MICROS~1\OFFICE14\Cultures\office.odf
0x000007fef12f0000 - 0x000007fef1b55000 	C:\PROGRA~1\MICROS~2\Office14\1033\GrooveIntlResource.dll
0x000007fef0fa0000 - 0x000007fef101e000 	C:\Windows\System32\cscui.dll
0x000007fef6920000 - 0x000007fef692c000 	C:\Windows\System32\CSCDLL.dll
0x000007fef0f90000 - 0x000007fef0f9f000 	C:\Windows\system32\CSCAPI.dll
0x000007fef0f10000 - 0x000007fef0f90000 	C:\Windows\system32\ntshrui.dll
0x000007fefcbe0000 - 0x000007fefcc03000 	C:\Windows\system32\srvcli.dll
0x000007fefb810000 - 0x000007fefb81b000 	C:\Windows\system32\slc.dll
0x000000005c810000 - 0x000000005c83a000 	C:\Program Files\Java\jdk1.8.0_51\jre\bin\dcpr.dll
0x000007fee2780000 - 0x000007fee289d000 	C:\Windows\system32\OPENGL32.DLL
0x000007fee72a0000 - 0x000007fee72cd000 	C:\Windows\system32\GLU32.dll
0x000007fee18b0000 - 0x000007fee19a1000 	C:\Windows\system32\DDRAW.dll
0x000007feec910000 - 0x000007feec918000 	C:\Windows\system32\DCIMAN32.dll
0x000007fee7280000 - 0x000007fee7298000 	C:\Windows\system32\atig6pxx.dll
0x0000000051ac0000 - 0x000000005366e000 	C:\Windows\system32\atio6axx.dll
0x000007feec950000 - 0x000007feeca88000 	C:\Windows\system32\atiadlxx.dll
0x000007fefc300000 - 0x000007fefc311000 	C:\Windows\system32\WTSAPI32.dll
0x000007fefd230000 - 0x000007fefd26b000 	C:\Windows\system32\WINTRUST.dll
0x000007fefd270000 - 0x000007fefd3dd000 	C:\Windows\system32\CRYPT32.dll
0x000007fefd170000 - 0x000007fefd17f000 	C:\Windows\system32\MSASN1.dll
0x000007fee52a0000 - 0x000007fee52c9000 	C:\Windows\system32\atig6txx.dll
0x000007fefd0b0000 - 0x000007fefd0c4000 	C:\Windows\system32\RpcRtRemote.dll
0x000000005ce90000 - 0x000000005ce97000 	C:\Program Files\Java\jdk1.8.0_51\jre\bin\jawt.dll
0x000007fee7ff0000 - 0x000007fee8115000 	C:\Windows\system32\dbghelp.dll

VM Arguments:
jvm_args: -Dnetbeans.importclass=org.netbeans.upgrade.AutoUpgrade -Dnetbeans.accept_license_class=org.netbeans.license.AcceptLicense -client -Xss2m -Xms32m -XX:PermSize=32m -Dapple.laf.useScreenMenuBar=true -Dapple.awt.graphics.UseQuartz=true -Dsun.java2d.noddraw=true -Dsun.java2d.dpiaware=true -Dsun.zip.disableMemoryMapping=true -Xmx1024m -Djdk.home=C:\Program Files\Java\jdk1.8.0_51 -Dnetbeans.home=C:\Program Files (x86)\NetBeans 8.0.2\platform -Dnetbeans.user=C:\Users\User\AppData\Roaming\NetBeans\8.0.2 -Dnetbeans.default_userdir_root=C:\Users\User\AppData\Roaming\NetBeans -XX:+HeapDumpOnOutOfMemoryError -XX:HeapDumpPath=C:\Users\User\AppData\Roaming\NetBeans\8.0.2\var\log\heapdump.hprof -Dsun.awt.keepWorkingSetOnMinimize=true -Dnetbeans.dirs=C:\Program Files (x86)\NetBeans 8.0.2\nb;C:\Program Files (x86)\NetBeans 8.0.2\ergonomics;C:\Program Files (x86)\NetBeans 8.0.2\ide;C:\Program Files (x86)\NetBeans 8.0.2\extide;C:\Program Files (x86)\NetBeans 8.0.2\java;C:\Program Files (x86)\NetBeans 8.0.2\apisupport;C:\Program Files (x86)\NetBeans 8.0.2\webcommon;C:\Program Files (x86)\NetBeans 8.0.2\websvccommon;C:\Program Files (x86)\NetBeans 8.0.2\enterprise;C:\Program Files (x86)\NetBeans 8.0.2\mobility;C:\Program Files (x86)\NetBeans 8.0.2\profiler;C:\Program Files (x86)\NetBeans 8.0.2\python;C:\Program Files (x86)\NetBeans 8.0.2\php;C:\Program Files (x86)\NetBeans 8.0.2\identity;C:\Program Files (x86)\NetBeans 8.0.2\harness;C:\Program Files (x86)\NetBeans 8.0.2\cnd;C:\Program Files (x86)\NetBeans 8.0.2\dlight;C:\Program Files (x86)\NetBeans 8.0.2\groovy;C:\Program Files (x86)\NetBeans 8.0.2\extra;C:\Program Files (x86)\NetBeans 8.0.2\javacard;C:\Program Files (x86)\NetBeans 8.0.2\javafx exit 
java_command: <unknown>
java_class_path (initial): C:\Program Files (x86)\NetBeans 8.0.2\platform\lib\boot.jar;C:\Program Files (x86)\NetBeans 8.0.2\platform\lib\org-openide-modules.jar;C:\Program Files (x86)\NetBeans 8.0.2\platform\lib\org-openide-util-lookup.jar;C:\Program Files (x86)\NetBeans 8.0.2\platform\lib\org-openide-util.jar;C:\Program Files (x86)\NetBeans 8.0.2\platform\lib\locale\boot_ja.jar;C:\Program Files (x86)\NetBeans 8.0.2\platform\lib\locale\boot_pt_BR.jar;C:\Program Files (x86)\NetBeans 8.0.2\platform\lib\locale\boot_ru.jar;C:\Program Files (x86)\NetBeans 8.0.2\platform\lib\locale\boot_zh_CN.jar;C:\Program Files (x86)\NetBeans 8.0.2\platform\lib\locale\org-openide-modules_ja.jar;C:\Program Files (x86)\NetBeans 8.0.2\platform\lib\locale\org-openide-modules_pt_BR.jar;C:\Program Files (x86)\NetBeans 8.0.2\platform\lib\locale\org-openide-modules_ru.jar;C:\Program Files (x86)\NetBeans 8.0.2\platform\lib\locale\org-openide-modules_zh_CN.jar;C:\Program Files (x86)\NetBeans 8.0.2\platform\lib\locale\org-openide-util-lookup_ja.jar;C:\Program Files (x86)\NetBeans 8.0.2\platform\lib\locale\org-openide-util-lookup_pt_BR.jar;C:\Program Files (x86)\NetBeans 8.0.2\platform\lib\locale\org-openide-util-lookup_ru.jar;C:\Program Files (x86)\NetBeans 8.0.2\platform\lib\locale\org-openide-util-lookup_zh_CN.jar;C:\Program Files (x86)\NetBeans 8.0.2\platform\lib\locale\org-openide-util_ja.jar;C:\Program Files (x86)\NetBeans 8.0.2\platform\lib\locale\org-openide-util_pt_BR.jar;C:\Program Files (x86)\NetBeans 8.0.2\platform\lib\locale\org-openide-util_ru.jar;C:\Program Files (x86)\NetBeans 8.0.2\platform\lib\locale\org-openide-util_zh_CN.jar;C:\Program Files\Java\jdk1.8.0_51\lib\dt.jar;C:\Program Files\Java\jdk1.8.0_51\lib\tools.jar
Launcher Type: generic

Environment Variables:
PATH=C:\ProgramData\Oracle\Java\javapath;C:\Program Files (x86)\Intel\iCLS Client\;C:\Program Files\Intel\iCLS Client\;C:\Windows\system32;C:\Windows;C:\Windows\System32\Wbem;C:\Windows\System32\WindowsPowerShell\v1.0\;C:\Program Files\Intel\Intel(R) Management Engine Components\DAL;C:\Program Files (x86)\Intel\Intel(R) Management Engine Components\DAL;C:\Program Files\Intel\Intel(R) Management Engine Components\IPT;C:\Program Files (x86)\Intel\Intel(R) Management Engine Components\IPT;C:\Program Files (x86)\ATI Technologies\ATI.ACE\Core-Static;C:\Program Files (x86)\Skype\Phone\
USERNAME=User
OS=Windows_NT
PROCESSOR_IDENTIFIER=Intel64 Family 6 Model 60 Stepping 3, GenuineIntel



---------------  S Y S T E M  ---------------

OS: Windows 7 , 64 bit Build 7601 (6.1.7601.23072)

CPU:total 4 (4 cores per cpu, 1 threads per core) family 6 model 60 stepping 3, cmov, cx8, fxsr, mmx, sse, sse2, sse3, ssse3, sse4.1, sse4.2, popcnt, avx, avx2, aes, clmul, erms, lzcnt, tsc, tscinvbit, bmi1, bmi2

Memory: 4k page, physical 8322168k(4755772k free), swap 16642476k(11840988k free)

vm_info: Java HotSpot(TM) 64-Bit Server VM (25.51-b03) for windows-amd64 JRE (1.8.0_51-b16), built on Jun  8 2015 18:03:07 by "java_re" with MS VC++ 10.0 (VS2010)

time: Mon Aug 10 02:06:15 2015
elapsed time: 1296 seconds (0d 0h 21m 36s)

